<?xml version="1.0" encoding="UTF-8"?>
<!-- Generated by org.testng.reporters.JUnitXMLReporter -->
<testsuite ignored="0" hostname="LAPTOP-DCH1U2PQ" failures="0" tests="4" name="SubmitOrder Test" time="19.926" errors="0" timestamp="2024-09-25T16:08:59 IST">
  <testcase classname="com.nithin.tests.SubmitOrderTest" name="submitOrder" time="3.583"/>
  <testcase classname="com.nithin.tests.SubmitOrderTest" name="submitOrder" time="3.401"/>
  <testcase classname="com.nithin.tests.SubmitOrderTest" name="orderHistoryTest" time="0.499"/>
  <testcase classname="com.nithin.tests.SubmitOrderTest" name="orderHistoryTest" time="0.621"/>
</testsuite> <!-- SubmitOrder Test -->
